2020-05-06 15:46:42
Paypal_Action_
05-06-2020-03-46_nPKa
ec_step1 - 1
2020-05-06 15:46:42	 in E:\www\doreenbeads\includes\modules\payment\paypalwpp.php on line 1725 	
Checking to see if we are in markflow
cart contents: physical

NOTE: $this->showPaymentPage = 0
Customer ID: 138765
Session Data: Array
(
    [securityToken] => 5c02574e3ac83fe927e150a6632ead1b
    [customers_host_address] => DESKTOP-15A4OFH
    [customers_level] => 0
    [per_page] => 60
    [cartID] => 
    [cart] => shoppingCart Object
        (
            [have_gift] => 
            [gift_id] => 
            [total] => 
            [total_new] => 
            [total_original] => 
            [promotion_total] => 
            [promotion_weight] => 
            [weight] => 
            [volume_weight] => 
            [volume_shipping_weight] => 
            [cartID] => 
            [content_type] => physical
            [discount_num] => 
            [deduct_shippingfee] => 
            [products_volume_weight_orgin:shoppingCart:private] => 
            [observers] => Array
                (
                )

            [shopping_cart_merge_items] => Array
                (
                )

        )

    [navigation] => navigationHistory Object
        (
            [path] => Array
                (
                    [0] => Array
                        (
                            [page] => account
                            [mode] => NONSSL
                            [get] => Array
                                (
                                    [status_id] => 1
                                )

                            [post] => Array
                                (
                                )

                        )

                    [1] => Array
                        (
                            [page] => index
                            [mode] => NONSSL
                            [get] => Array
                                (
                                    [type] => ec
                                    [markflow] => 1
                                    [clearSess] => 1
                                    [stage] => final
                                )

                            [post] => Array
                                (
                                )

                        )

                )

            [snapshot] => Array
                (
                )

            [observers] => Array
                (
                )

        )

    [check_valid] => true
    [lng] => language Object
        (
            [languages] => Array
                (
                    [ar] => Array
                        (
                            [0] => ar([-_][[:alpha:]]{2})?|arabic
                            [1] => arabic
                            [2] => ar
                        )

                    [bg-win1251] => Array
                        (
                            [0] => bg|bulgarian
                            [1] => bulgarian-win1251
                            [2] => bg
                        )

                    [bg-koi8r] => Array
                        (
                            [0] => bg|bulgarian
                            [1] => bulgarian-koi8
                            [2] => bg
                        )

                    [ca] => Array
                        (
                            [0] => ca|catalan
                            [1] => catala
                            [2] => ca
                        )

                    [cs-iso] => Array
                        (
                            [0] => cs|czech
                            [1] => czech-iso
                            [2] => cs
                        )

                    [cs-win1250] => Array
                        (
                            [0] => cs|czech
                            [1] => czech-win1250
                            [2] => cs
                        )

                    [da] => Array
                        (
                            [0] => da|danish
                            [1] => danish
                            [2] => da
                        )

                    [de] => Array
                        (
                            [0] => de([-_][[:alpha:]]{2})?|german
                            [1] => german
                            [2] => de
                        )

                    [el] => Array
                        (
                            [0] => el|greek
                            [1] => greek
                            [2] => el
                        )

                    [en] => Array
                        (
                            [0] => en([-_][[:alpha:]]{2})?|english
                            [1] => english
                            [2] => en
                        )

                    [es] => Array
                        (
                            [0] => es([-_][[:alpha:]]{2})?|spanish
                            [1] => spanish
                            [2] => es
                        )

                    [et] => Array
                        (
                            [0] => et|estonian
                            [1] => estonian
                            [2] => et
                        )

                    [fi] => Array
                        (
                            [0] => fi|finnish
                            [1] => finnish
                            [2] => fi
                        )

                    [fr] => Array
                        (
                            [0] => fr([-_][[:alpha:]]{2})?|french
                            [1] => french
                            [2] => fr
                        )

                    [gl] => Array
                        (
                            [0] => gl|galician
                            [1] => galician
                            [2] => gl
                        )

                    [he] => Array
                        (
                            [0] => he|hebrew
                            [1] => hebrew
                            [2] => he
                        )

                    [hu] => Array
                        (
                            [0] => hu|hungarian
                            [1] => hungarian
                            [2] => hu
                        )

                    [id] => Array
                        (
                            [0] => id|indonesian
                            [1] => indonesian
                            [2] => id
                        )

                    [it] => Array
                        (
                            [0] => it|italian
                            [1] => italian
                            [2] => it
                        )

                    [ja-euc] => Array
                        (
                            [0] => ja|japanese
                            [1] => japanese-euc
                            [2] => ja
                        )

                    [ja-sjis] => Array
                        (
                            [0] => ja|japanese
                            [1] => japanese-sjis
                            [2] => ja
                        )

                    [ko] => Array
                        (
                            [0] => ko|korean
                            [1] => korean
                            [2] => ko
                        )

                    [ka] => Array
                        (
                            [0] => ka|georgian
                            [1] => georgian
                            [2] => ka
                        )

                    [lt] => Array
                        (
                            [0] => lt|lithuanian
                            [1] => lithuanian
                            [2] => lt
                        )

                    [lv] => Array
                        (
                            [0] => lv|latvian
                            [1] => latvian
                            [2] => lv
                        )

                    [nl] => Array
                        (
                            [0] => nl([-_][[:alpha:]]{2})?|dutch
                            [1] => dutch
                            [2] => nl
                        )

                    [no] => Array
                        (
                            [0] => no|norwegian
                            [1] => norwegian
                            [2] => no
                        )

                    [pl] => Array
                        (
                            [0] => pl|polish
                            [1] => polish
                            [2] => pl
                        )

                    [pt-br] => Array
                        (
                            [0] => pt[-_]br|brazilian portuguese
                            [1] => brazilian_portuguese
                            [2] => pt-BR
                        )

                    [pt] => Array
                        (
                            [0] => pt([-_][[:alpha:]]{2})?|portuguese
                            [1] => portuguese
                            [2] => pt
                        )

                    [ro] => Array
                        (
                            [0] => ro|romanian
                            [1] => romanian
                            [2] => ro
                        )

                    [ru-koi8r] => Array
                        (
                            [0] => ru|russian
                            [1] => russian-koi8
                            [2] => ru
                        )

                    [ru-win1251] => Array
                        (
                            [0] => ru|russian
                            [1] => russian-win1251
                            [2] => ru
                        )

                    [sk] => Array
                        (
                            [0] => sk|slovak
                            [1] => slovak-iso
                            [2] => sk
                        )

                    [sk-win1250] => Array
                        (
                            [0] => sk|slovak
                            [1] => slovak-win1250
                            [2] => sk
                        )

                    [sr-win1250] => Array
                        (
                            [0] => sr|serbian
                            [1] => serbian-win1250
                            [2] => sr
                        )

                    [sv] => Array
                        (
                            [0] => sv|swedish
                            [1] => swedish
                            [2] => sv
                        )

                    [th] => Array
                        (
                            [0] => th|thai
                            [1] => thai
                            [2] => th
                        )

                    [tr] => Array
                        (
                            [0] => tr|turkish
                            [1] => turkish
                            [2] => tr
                        )

                    [uk-win1251] => Array
                        (
                            [0] => uk|ukrainian
                            [1] => ukrainian-win1251
                            [2] => uk
                        )

                    [zh-tw] => Array
                        (
                            [0] => zh[-_]tw|chinese traditional
                            [1] => chinese_big5
                            [2] => zh-TW
                        )

                    [zh] => Array
                        (
                            [0] => zh|chinese simplified
                            [1] => chinese_gb
                            [2] => zh
                        )

                )

            [catalog_languages] => Array
                (
                    [en] => Array
                        (
                            [id] => 1
                            [name] => English
                            [image] => icon.gif
                            [code] => en
                            [directory] => english
                        )

                    [de] => Array
                        (
                            [id] => 2
                            [name] => Deutsch
                            [image] => icon.gif
                            [code] => de
                            [directory] => german
                        )

                    [ru] => Array
                        (
                            [id] => 3
                            [name] => Русский
                            [image] => icon.gif
                            [code] => ru
                            [directory] => russian
                        )

                    [fr] => Array
                        (
                            [id] => 4
                            [name] => Français
                            [image] => icon.gif
                            [code] => fr
                            [directory] => french
                        )

                )

            [browser_languages] => 
            [language] => Array
                (
                    [id] => 1
                    [name] => English
                    [image] => icon.gif
                    [code] => en
                    [directory] => english
                )

            [observers] => Array
                (
                )

        )

    [language] => english
    [languages_id] => 1
    [languages_code] => en
    [currency] => USD
    [today_is] => 2020-05-06
    [updateExpirations] => 1
    [customers_ip_address] => 127.0.0.1
    [FBRLH_state] => 29590621146f7c57898667b811f7aac3
    [customer_id] => 138765
    [has_valid_order] => cnepy
    [customer_default_address_id] => 86480
    [customers_authorization] => 0
    [customer_first_name] => 1995
    [customer_last_name] => 
    [customer_country_id] => 223
    [customer_zone_id] => 0
    [customer_email] => 1995@qq.com
    [customers_group_pricing] => 0
    [customers_default_shipping] => 
    [customers_is_rcd] => 0
    [is_old_customers] => 1
    [channel] => 
    [register_languages_id] => 1
    [order_number_created] => 1000115
    [shipping] => airmail
    [payment] => paypalwpp
    [sendto] => 86480
)

=================================

2020-05-06 15:46:42
Paypal_Action_
05-06-2020-03-46_nPKa
ec-step1-addr_check
2020-05-06 15:46:42	 in E:\www\doreenbeads\includes\modules\payment\paypalwpp.php on line 1742 	
cart contents is not all virtual or customer is not logged in ... therefore will be submitting address details
=================================

2020-05-06 15:46:42
Paypal_Action_
05-06-2020-03-46_nPKa
getOverrideAddress - 1
2020-05-06 15:46:42	 in E:\www\doreenbeads\includes\modules\payment\paypalwpp.php on line 2333 	
Now in markflow mode.
SESSION[sendto] = 86480
=================================

2020-05-06 15:46:42
Paypal_Action_
05-06-2020-03-46_nPKa
getOverrideAddress - 2
2020-05-06 15:46:42	 in E:\www\doreenbeads\includes\modules\payment\paypalwpp.php on line 2394 	
$address_arr->fields = Array
(
    [entry_firstname] => h
    [entry_lastname] => m
    [entry_street_address] => PO Box 573
    [entry_suburb] => Clinton
    [entry_city] => Clinton
    [entry_postcode] => 73601
    [entry_country_id] => 223
    [entry_zone_id] => 0
    [entry_state] => Oklahoma
    [zone_code] => Oklahoma
    [countries_iso_code_2] => US
)

=================================

2020-05-06 15:46:42
Paypal_Action_
05-06-2020-03-46_nPKa
ec-step1-addr_check3
2020-05-06 15:46:42	 in E:\www\doreenbeads\includes\modules\payment\paypalwpp.php on line 1777 	
address details from override check:Array
(
    [entry_firstname] => h
    [entry_lastname] => m
    [entry_street_address] => PO Box 573
    [entry_suburb] => Clinton
    [entry_city] => Clinton
    [entry_postcode] => 73601
    [entry_country_id] => 223
    [entry_zone_id] => 0
    [entry_state] => Oklahoma
    [zone_code] => Oklahoma
    [countries_iso_code_2] => US
)

=================================

2020-05-06 15:46:42
Paypal_Action_
05-06-2020-03-46_nPKa
ec_step1 - 2 -submit
2020-05-06 15:46:42	 in E:\www\doreenbeads\includes\modules\payment\paypalwpp.php on line 1805 	
Array
(
    [AMT] => 3.09
    [RETURNURL] => http://www.doreenbeadslocal.com/ipn_main_handler.php?type=ec
    [CANCELURL] => http://www.doreenbeadslocal.com/index.php?main_page=checkout_payment&amp;ec_cancel=1
    [ORDERSID] => 1000115
    [LOCALECODE] => US
    [CURRENCY] => EUR
    [PAYMENTACTION] => Sale
    [ADDROVERRIDE] => 0
    [SHIPTONAME] => h m
    [SHIPTOSTREET] => PO Box 573
    [SHIPTOSTREET2] => Clinton
    [SHIPTOCITY] => Clinton
    [SHIPTOZIP] => 73601
    [SHIPTOSTATE] => Oklahoma
    [SHIPTOCOUNTRYCODE] => US
    [EMAIL] => 1995@qq.com
    [SOLUTIONTYPE] => SOLE
)

=================================

2020-05-06 15:46:44
-------------------
(sandbox transaction) --> https://api-3t.sandbox.paypal.com/nvp
Request Headers: 
Array
(
    [0] => Content-Type: text/namevalue
    [1] => X-VPS-Timeout: 45
    [2] => X-VPS-VIT-Client-Type: PHP/cURL
    [3] => X-VPS-VIT-Integration-Product: PHP::Zen Cart - WPP-NVP
    [4] => X-VPS-VIT-Integration-Version: 1.3.8a
)


Request Parameters: {SetExpressCheckout} 
Array
(
    [ORDERSID] => 1000115
    [LOCALECODE] => US
    [PAYMENTACTION] => Sale
    [ADDROVERRIDE] => 0
    [SHIPTONAME] => h m
    [SHIPTOSTREET] => PO Box 573
    [SHIPTOSTREET2] => Clinton
    [SHIPTOCITY] => Clinton
    [SHIPTOZIP] => 73601
    [SHIPTOSTATE] => Oklahoma
    [SHIPTOCOUNTRYCODE] => US
    [EMAIL] => 1995@qq.com
    [AMT] => 3.09
    [RETURNURL] => http://www.doreenbeadslocal.com/ipn_main_handler.php?type=ec
    [CANCELURL] => http://www.doreenbeadslocal.com/index.php?main_page=checkout_payment&amp;ec_cancel=1
    [PAGESTYLE] => Primary
    [METHOD] => SetExpressCheckout
    [CURRENCYCODE] => EUR
    [USER] => bussinesstest_api1.gmail.com
    [PWD] => ****************
    [VERSION] => 3.2
    [SIGNATURE] => ****************************************************ux4u
)


Response: 
Array
(
    [TOKEN] => EC-90W66590V22728616
    [TIMESTAMP] => 2020-05-06T07:46:47Z
    [CORRELATIONID] => defe17932f945
    [ACK] => Success
    [VERSION] => 3.2
    [BUILD] => 54522412
    [CURL_ERRORS] => 
)

Paypal_CURL_
EC-90W66590V22728616_BpqG

SetExpressCheckout, Elapsed: 1459ms -- Success
Paypal_CURL_
EC-90W66590V22728616_BpqG

2020-05-06 15:47:18
Paypal_Action_
05-06-2020-03-47_SNJ2
ec_step1 - 1
2020-05-06 15:47:18	 in E:\www\doreenbeads\includes\modules\payment\paypalwpp.php on line 1725 	
Checking to see if we are in markflow
cart contents: physical

NOTE: $this->showPaymentPage = 0
Customer ID: 138765
Session Data: Array
(
    [securityToken] => 5c02574e3ac83fe927e150a6632ead1b
    [customers_host_address] => DESKTOP-15A4OFH
    [customers_level] => 0
    [per_page] => 60
    [cartID] => 
    [cart] => shoppingCart Object
        (
            [have_gift] => 
            [gift_id] => 
            [total] => 
            [total_new] => 
            [total_original] => 
            [promotion_total] => 
            [promotion_weight] => 
            [weight] => 
            [volume_weight] => 
            [volume_shipping_weight] => 
            [cartID] => 
            [content_type] => physical
            [discount_num] => 
            [deduct_shippingfee] => 
            [products_volume_weight_orgin:shoppingCart:private] => 
            [observers] => Array
                (
                )

            [shopping_cart_merge_items] => Array
                (
                )

        )

    [navigation] => navigationHistory Object
        (
            [path] => Array
                (
                    [0] => Array
                        (
                            [page] => account
                            [mode] => NONSSL
                            [get] => Array
                                (
                                    [status_id] => 1
                                )

                            [post] => Array
                                (
                                )

                        )

                    [1] => Array
                        (
                            [page] => index
                            [mode] => NONSSL
                            [get] => Array
                                (
                                    [type] => ec
                                    [markflow] => 1
                                    [clearSess] => 1
                                    [stage] => final
                                )

                            [post] => Array
                                (
                                )

                        )

                )

            [snapshot] => Array
                (
                )

            [observers] => Array
                (
                )

        )

    [check_valid] => true
    [lng] => language Object
        (
            [languages] => Array
                (
                    [ar] => Array
                        (
                            [0] => ar([-_][[:alpha:]]{2})?|arabic
                            [1] => arabic
                            [2] => ar
                        )

                    [bg-win1251] => Array
                        (
                            [0] => bg|bulgarian
                            [1] => bulgarian-win1251
                            [2] => bg
                        )

                    [bg-koi8r] => Array
                        (
                            [0] => bg|bulgarian
                            [1] => bulgarian-koi8
                            [2] => bg
                        )

                    [ca] => Array
                        (
                            [0] => ca|catalan
                            [1] => catala
                            [2] => ca
                        )

                    [cs-iso] => Array
                        (
                            [0] => cs|czech
                            [1] => czech-iso
                            [2] => cs
                        )

                    [cs-win1250] => Array
                        (
                            [0] => cs|czech
                            [1] => czech-win1250
                            [2] => cs
                        )

                    [da] => Array
                        (
                            [0] => da|danish
                            [1] => danish
                            [2] => da
                        )

                    [de] => Array
                        (
                            [0] => de([-_][[:alpha:]]{2})?|german
                            [1] => german
                            [2] => de
                        )

                    [el] => Array
                        (
                            [0] => el|greek
                            [1] => greek
                            [2] => el
                        )

                    [en] => Array
                        (
                            [0] => en([-_][[:alpha:]]{2})?|english
                            [1] => english
                            [2] => en
                        )

                    [es] => Array
                        (
                            [0] => es([-_][[:alpha:]]{2})?|spanish
                            [1] => spanish
                            [2] => es
                        )

                    [et] => Array
                        (
                            [0] => et|estonian
                            [1] => estonian
                            [2] => et
                        )

                    [fi] => Array
                        (
                            [0] => fi|finnish
                            [1] => finnish
                            [2] => fi
                        )

                    [fr] => Array
                        (
                            [0] => fr([-_][[:alpha:]]{2})?|french
                            [1] => french
                            [2] => fr
                        )

                    [gl] => Array
                        (
                            [0] => gl|galician
                            [1] => galician
                            [2] => gl
                        )

                    [he] => Array
                        (
                            [0] => he|hebrew
                            [1] => hebrew
                            [2] => he
                        )

                    [hu] => Array
                        (
                            [0] => hu|hungarian
                            [1] => hungarian
                            [2] => hu
                        )

                    [id] => Array
                        (
                            [0] => id|indonesian
                            [1] => indonesian
                            [2] => id
                        )

                    [it] => Array
                        (
                            [0] => it|italian
                            [1] => italian
                            [2] => it
                        )

                    [ja-euc] => Array
                        (
                            [0] => ja|japanese
                            [1] => japanese-euc
                            [2] => ja
                        )

                    [ja-sjis] => Array
                        (
                            [0] => ja|japanese
                            [1] => japanese-sjis
                            [2] => ja
                        )

                    [ko] => Array
                        (
                            [0] => ko|korean
                            [1] => korean
                            [2] => ko
                        )

                    [ka] => Array
                        (
                            [0] => ka|georgian
                            [1] => georgian
                            [2] => ka
                        )

                    [lt] => Array
                        (
                            [0] => lt|lithuanian
                            [1] => lithuanian
                            [2] => lt
                        )

                    [lv] => Array
                        (
                            [0] => lv|latvian
                            [1] => latvian
                            [2] => lv
                        )

                    [nl] => Array
                        (
                            [0] => nl([-_][[:alpha:]]{2})?|dutch
                            [1] => dutch
                            [2] => nl
                        )

                    [no] => Array
                        (
                            [0] => no|norwegian
                            [1] => norwegian
                            [2] => no
                        )

                    [pl] => Array
                        (
                            [0] => pl|polish
                            [1] => polish
                            [2] => pl
                        )

                    [pt-br] => Array
                        (
                            [0] => pt[-_]br|brazilian portuguese
                            [1] => brazilian_portuguese
                            [2] => pt-BR
                        )

                    [pt] => Array
                        (
                            [0] => pt([-_][[:alpha:]]{2})?|portuguese
                            [1] => portuguese
                            [2] => pt
                        )

                    [ro] => Array
                        (
                            [0] => ro|romanian
                            [1] => romanian
                            [2] => ro
                        )

                    [ru-koi8r] => Array
                        (
                            [0] => ru|russian
                            [1] => russian-koi8
                            [2] => ru
                        )

                    [ru-win1251] => Array
                        (
                            [0] => ru|russian
                            [1] => russian-win1251
                            [2] => ru
                        )

                    [sk] => Array
                        (
                            [0] => sk|slovak
                            [1] => slovak-iso
                            [2] => sk
                        )

                    [sk-win1250] => Array
                        (
                            [0] => sk|slovak
                            [1] => slovak-win1250
                            [2] => sk
                        )

                    [sr-win1250] => Array
                        (
                            [0] => sr|serbian
                            [1] => serbian-win1250
                            [2] => sr
                        )

                    [sv] => Array
                        (
                            [0] => sv|swedish
                            [1] => swedish
                            [2] => sv
                        )

                    [th] => Array
                        (
                            [0] => th|thai
                            [1] => thai
                            [2] => th
                        )

                    [tr] => Array
                        (
                            [0] => tr|turkish
                            [1] => turkish
                            [2] => tr
                        )

                    [uk-win1251] => Array
                        (
                            [0] => uk|ukrainian
                            [1] => ukrainian-win1251
                            [2] => uk
                        )

                    [zh-tw] => Array
                        (
                            [0] => zh[-_]tw|chinese traditional
                            [1] => chinese_big5
                            [2] => zh-TW
                        )

                    [zh] => Array
                        (
                            [0] => zh|chinese simplified
                            [1] => chinese_gb
                            [2] => zh
                        )

                )

            [catalog_languages] => Array
                (
                    [en] => Array
                        (
                            [id] => 1
                            [name] => English
                            [image] => icon.gif
                            [code] => en
                            [directory] => english
                        )

                    [de] => Array
                        (
                            [id] => 2
                            [name] => Deutsch
                            [image] => icon.gif
                            [code] => de
                            [directory] => german
                        )

                    [ru] => Array
                        (
                            [id] => 3
                            [name] => Русский
                            [image] => icon.gif
                            [code] => ru
                            [directory] => russian
                        )

                    [fr] => Array
                        (
                            [id] => 4
                            [name] => Français
                            [image] => icon.gif
                            [code] => fr
                            [directory] => french
                        )

                )

            [browser_languages] => 
            [language] => Array
                (
                    [id] => 1
                    [name] => English
                    [image] => icon.gif
                    [code] => en
                    [directory] => english
                )

            [observers] => Array
                (
                )

        )

    [language] => english
    [languages_id] => 1
    [languages_code] => en
    [currency] => USD
    [today_is] => 2020-05-06
    [updateExpirations] => 1
    [customers_ip_address] => 127.0.0.1
    [FBRLH_state] => a2a0c1f9996e0aadb9b968ef4552a60e
    [customer_id] => 138765
    [has_valid_order] => cnepy
    [customer_default_address_id] => 86480
    [customers_authorization] => 0
    [customer_first_name] => 1995
    [customer_last_name] => 
    [customer_country_id] => 223
    [customer_zone_id] => 0
    [customer_email] => 1995@qq.com
    [customers_group_pricing] => 0
    [customers_default_shipping] => 
    [customers_is_rcd] => 0
    [is_old_customers] => 1
    [channel] => 
    [register_languages_id] => 1
    [order_number_created] => 1000115
    [shipping] => airmail
    [payment] => paypalwpp
    [sendto] => 86480
    [paypal_ec_markflow] => 1
)

=================================

2020-05-06 15:47:18
Paypal_Action_
05-06-2020-03-47_SNJ2
ec-step1-addr_check
2020-05-06 15:47:18	 in E:\www\doreenbeads\includes\modules\payment\paypalwpp.php on line 1742 	
cart contents is not all virtual or customer is not logged in ... therefore will be submitting address details
=================================

2020-05-06 15:47:18
Paypal_Action_
05-06-2020-03-47_SNJ2
getOverrideAddress - 1
2020-05-06 15:47:18	 in E:\www\doreenbeads\includes\modules\payment\paypalwpp.php on line 2333 	
Now in markflow mode.
SESSION[sendto] = 86480
=================================

2020-05-06 15:47:18
Paypal_Action_
05-06-2020-03-47_SNJ2
getOverrideAddress - 2
2020-05-06 15:47:18	 in E:\www\doreenbeads\includes\modules\payment\paypalwpp.php on line 2394 	
$address_arr->fields = Array
(
    [entry_firstname] => h
    [entry_lastname] => m
    [entry_street_address] => PO Box 573
    [entry_suburb] => Clinton
    [entry_city] => Clinton
    [entry_postcode] => 73601
    [entry_country_id] => 223
    [entry_zone_id] => 0
    [entry_state] => Oklahoma
    [zone_code] => Oklahoma
    [countries_iso_code_2] => US
)

=================================

2020-05-06 15:47:18
Paypal_Action_
05-06-2020-03-47_SNJ2
ec-step1-addr_check3
2020-05-06 15:47:18	 in E:\www\doreenbeads\includes\modules\payment\paypalwpp.php on line 1777 	
address details from override check:Array
(
    [entry_firstname] => h
    [entry_lastname] => m
    [entry_street_address] => PO Box 573
    [entry_suburb] => Clinton
    [entry_city] => Clinton
    [entry_postcode] => 73601
    [entry_country_id] => 223
    [entry_zone_id] => 0
    [entry_state] => Oklahoma
    [zone_code] => Oklahoma
    [countries_iso_code_2] => US
)

=================================

2020-05-06 15:47:18
Paypal_Action_
05-06-2020-03-47_SNJ2
ec_step1 - 2 -submit
2020-05-06 15:47:18	 in E:\www\doreenbeads\includes\modules\payment\paypalwpp.php on line 1805 	
Array
(
    [AMT] => 3.09
    [RETURNURL] => http://www.doreenbeadslocal.com/ipn_main_handler.php?type=ec
    [CANCELURL] => http://www.doreenbeadslocal.com/index.php?main_page=checkout_payment&amp;ec_cancel=1
    [ORDERSID] => 1000115
    [LOCALECODE] => US
    [CURRENCY] => EUR
    [PAYMENTACTION] => Sale
    [ADDROVERRIDE] => 0
    [SHIPTONAME] => h m
    [SHIPTOSTREET] => PO Box 573
    [SHIPTOSTREET2] => Clinton
    [SHIPTOCITY] => Clinton
    [SHIPTOZIP] => 73601
    [SHIPTOSTATE] => Oklahoma
    [SHIPTOCOUNTRYCODE] => US
    [EMAIL] => 1995@qq.com
    [SOLUTIONTYPE] => SOLE
)

=================================

2020-05-06 15:47:19
-------------------
(sandbox transaction) --> https://api-3t.sandbox.paypal.com/nvp
Request Headers: 
Array
(
    [0] => Content-Type: text/namevalue
    [1] => X-VPS-Timeout: 45
    [2] => X-VPS-VIT-Client-Type: PHP/cURL
    [3] => X-VPS-VIT-Integration-Product: PHP::Zen Cart - WPP-NVP
    [4] => X-VPS-VIT-Integration-Version: 1.3.8a
)


Request Parameters: {SetExpressCheckout} 
Array
(
    [ORDERSID] => 1000115
    [LOCALECODE] => US
    [PAYMENTACTION] => Sale
    [ADDROVERRIDE] => 0
    [SHIPTONAME] => h m
    [SHIPTOSTREET] => PO Box 573
    [SHIPTOSTREET2] => Clinton
    [SHIPTOCITY] => Clinton
    [SHIPTOZIP] => 73601
    [SHIPTOSTATE] => Oklahoma
    [SHIPTOCOUNTRYCODE] => US
    [EMAIL] => 1995@qq.com
    [AMT] => 3.09
    [RETURNURL] => http://www.doreenbeadslocal.com/ipn_main_handler.php?type=ec
    [CANCELURL] => http://www.doreenbeadslocal.com/index.php?main_page=checkout_payment&amp;ec_cancel=1
    [PAGESTYLE] => Primary
    [METHOD] => SetExpressCheckout
    [CURRENCYCODE] => EUR
    [USER] => bussinesstest_api1.gmail.com
    [PWD] => ****************
    [VERSION] => 3.2
    [SIGNATURE] => ****************************************************ux4u
)


Response: 
Array
(
    [TOKEN] => EC-70274669SE324123K
    [TIMESTAMP] => 2020-05-06T07:47:22Z
    [CORRELATIONID] => d09303d8ca4b8
    [ACK] => Success
    [VERSION] => 3.2
    [BUILD] => 54522412
    [CURL_ERRORS] => 
)

Paypal_CURL_
EC-70274669SE324123K_A7QQ

SetExpressCheckout, Elapsed: 1379ms -- Success
Paypal_CURL_
EC-70274669SE324123K_A7QQ

